


ARM Macro Assembler    Page 1 


    1 00000000                 PRESERVE8
    2 00000000                 THUMB
    3 00000000         
    4 00000000                 EXPORT           DFT_ModuleAuCarre
    5 00000000         
    6 00000000         ; ====================== zone de réservation de données,
                         ======================================
    7 00000000         ;Section RAM (read only) :
    8 00000000                 area             mesdata,data,readonly
    9 00000000         
   10 00000000         
   11 00000000         ;Section RAM (read write):
   12 00000000                 area             maram,data,readwrite
   13 00000000         
   14 00000000         
   15 00000000         
   16 00000000         ; ======================================================
                       =========================================
   17 00000000         
   18 00000000         
   19 00000000         
   20 00000000         
   21 00000000         ;Section ROM code (read only) :  
   22 00000000                 area             moncode,code,readonly
   23 00000000         ; écrire le code ici
   24 00000000         
   25 00000000         ; r0 : signal
   26 00000000         ; r1 : k
   27 00000000         DFT_ModuleAuCarre
                               proc
   28 00000000         ; r0 : LeSignal
   29 00000000         ; r1 : k
   30 00000000         ; r2 : TabCos / TabSin
   31 00000000         ; r3 : CalculPartie réelle
   32 00000000         ; r4 : CalculPartie imaginaire
   33 00000000         
   34 00000000         
   35 00000000 B518            push{r3,         r4, lr}
   36 00000002 B403            push             {r0,r1}
   37 00000004 4A16            ldr              r2, =TabCos
   38 00000006 F7FF FFFE       bl               CalculPartie ; réelle
   39 0000000A 4603            mov              r3,r0
   40 0000000C BC03            pop              {r0,r1}
   41 0000000E 4A15            ldr              r2, =TabSin
   42 00000010 B408            push             {r3}
   43 00000012 F7FF FFFE       bl               CalculPartie ; imaginaire
   44 00000016 BC08            pop              {r3}
   45 00000018 4604            mov              r4, r0
   46 0000001A         
   47 0000001A FB83 1003       smull            r1, r0, r3, r3 ; Xreel² dans r0
                                                             (MSB) et r1 (LSB)
   48 0000001E FBC4 1004       smlal            r1, r0, r4, r4 ; Ximg² + Xreel²
                                                             (r0 et r1)
   49 00000022         ; return r0 = 32 MSB
   50 00000022         ; sinon, SMMLA ?
   51 00000022 E8BD 4018       pop{r3,          r4, lr}
   52 00000026 4770            bx               lr
   53 00000028                 endp
   54 00000028         



ARM Macro Assembler    Page 2 


   55 00000028         ; r0 : signal
   56 00000028         ; r1 : k
   57 00000028         ; r2 : TabCos / TabSin
   58 00000028         CalculPartie
                               proc
   59 00000028         ; r0 : LeSignal
   60 00000028         ; r1 : k
   61 00000028         ; r2 : TabCos / TabSin 
   62 00000028         ; r3 : x(n)
   63 00000028         ; r4 : résultat
   64 00000028         ; r5 : borne max 64
   65 00000028         ; r6 : TabCos/Sin(k*n)
   66 00000028         ; r7 : n
   67 00000028         ; r8 : k*n
   68 00000028         
   69 00000028 E92D 41F0       push{r4-r8,      lr}
   70 0000002C F04F 0700       mov              r7, #0      ;n
   71 00000030 F04F 0400       mov              r4, #0      ;resultat reel
   72 00000034 F04F 0540       mov              r5, #64
   73 00000038         
   74 00000038         debut
   75 00000038 42AF            cmp              r7, r5
   76 0000003A DA0C            bge              fin
   77 0000003C         
   78 0000003C FB01 F807       mul              r8, r1, r7  ; k*n
   79 00000040 F008 083F       and              r8,#63      ; modulo
   80 00000044 F930 3017       ldrsh            r3, [r0, r7, lsl#1] ; x(n)
   81 00000048 F932 6018       ldrsh            r6, [r2, r8, lsl#1] 
                                                            ; TabCos/Sin(k*n)
   82 0000004C FB03 4406       mla              r4, r3, r6, r4 ;mla dest, mul1,
                                                             mul2, add
   83 00000050 F107 0701       add              r7, #1
   84 00000054 E7F0            b                debut
   85 00000056         
   86 00000056         fin
   87 00000056 4620            mov              r0, r4
   88 00000058 E8BD 41F0       pop{r4-r8,       lr}
   89 0000005C 4770            bx               lr
   90 0000005E                 endp
   91 0000005E         
   92 0000005E         
   93 0000005E         
   94 0000005E         ;Section ROM code (read only) :  
   95 0000005E 00 00 00000000 
              00000000         AREA             Trigo, DATA, READONLY
   96 00000000         ; codage fractionnaire 1.15
   97 00000000         
   98 00000000         TabCos
   99 00000000 FF 7F           DCW              32767       ;  0 0x7fff  0.9999
                                                            7
  100 00000002 62 7F           DCW              32610       ;  1 0x7f62  0.9951
                                                            8
  101 00000004 8A 7D           DCW              32138       ;  2 0x7d8a  0.9807
                                                            7
  102 00000006 7D 7A           DCW              31357       ;  3 0x7a7d  0.9569
                                                            4
  103 00000008 42 76           DCW              30274       ;  4 0x7642  0.9238
                                                            9
  104 0000000A E3 70           DCW              28899       ;  5 0x70e3  0.8819



ARM Macro Assembler    Page 3 


                                                            3
  105 0000000C 6E 6A           DCW              27246       ;  6 0x6a6e  0.8314
                                                            8
  106 0000000E F2 62           DCW              25330       ;  7 0x62f2  0.7730
                                                            1
  107 00000010 82 5A           DCW              23170       ;  8 0x5a82  0.7070
                                                            9
  108 00000012 34 51           DCW              20788       ;  9 0x5134  0.6344
                                                            0
  109 00000014 1D 47           DCW              18205       ; 10 0x471d  0.5555
                                                            7
  110 00000016 57 3C           DCW              15447       ; 11 0x3c57  0.4714
                                                            1
  111 00000018 FC 30           DCW              12540       ; 12 0x30fc  0.3826
                                                            9
  112 0000001A 28 25           DCW              9512        ; 13 0x2528  0.2902
                                                            8
  113 0000001C F9 18           DCW              6393        ; 14 0x18f9  0.1951
                                                            0
  114 0000001E 8C 0C           DCW              3212        ; 15 0x0c8c  0.0980
                                                            2
  115 00000020 00 00           DCW              0           ; 16 0x0000  0.0000
                                                            0
  116 00000022 74 F3           DCW              -3212       ; 17 0xf374 -0.0980
                                                            2
  117 00000024 07 E7           DCW              -6393       ; 18 0xe707 -0.1951
                                                            0
  118 00000026 D8 DA           DCW              -9512       ; 19 0xdad8 -0.2902
                                                            8
  119 00000028 04 CF           DCW              -12540      ; 20 0xcf04 -0.3826
                                                            9
  120 0000002A A9 C3           DCW              -15447      ; 21 0xc3a9 -0.4714
                                                            1
  121 0000002C E3 B8           DCW              -18205      ; 22 0xb8e3 -0.5555
                                                            7
  122 0000002E CC AE           DCW              -20788      ; 23 0xaecc -0.6344
                                                            0
  123 00000030 7E A5           DCW              -23170      ; 24 0xa57e -0.7070
                                                            9
  124 00000032 0E 9D           DCW              -25330      ; 25 0x9d0e -0.7730
                                                            1
  125 00000034 92 95           DCW              -27246      ; 26 0x9592 -0.8314
                                                            8
  126 00000036 1D 8F           DCW              -28899      ; 27 0x8f1d -0.8819
                                                            3
  127 00000038 BE 89           DCW              -30274      ; 28 0x89be -0.9238
                                                            9
  128 0000003A 83 85           DCW              -31357      ; 29 0x8583 -0.9569
                                                            4
  129 0000003C 76 82           DCW              -32138      ; 30 0x8276 -0.9807
                                                            7
  130 0000003E 9E 80           DCW              -32610      ; 31 0x809e -0.9951
                                                            8
  131 00000040 00 80           DCW              -32768      ; 32 0x8000 -1.0000
                                                            0
  132 00000042 9E 80           DCW              -32610      ; 33 0x809e -0.9951
                                                            8
  133 00000044 76 82           DCW              -32138      ; 34 0x8276 -0.9807
                                                            7



ARM Macro Assembler    Page 4 


  134 00000046 83 85           DCW              -31357      ; 35 0x8583 -0.9569
                                                            4
  135 00000048 BE 89           DCW              -30274      ; 36 0x89be -0.9238
                                                            9
  136 0000004A 1D 8F           DCW              -28899      ; 37 0x8f1d -0.8819
                                                            3
  137 0000004C 92 95           DCW              -27246      ; 38 0x9592 -0.8314
                                                            8
  138 0000004E 0E 9D           DCW              -25330      ; 39 0x9d0e -0.7730
                                                            1
  139 00000050 7E A5           DCW              -23170      ; 40 0xa57e -0.7070
                                                            9
  140 00000052 CC AE           DCW              -20788      ; 41 0xaecc -0.6344
                                                            0
  141 00000054 E3 B8           DCW              -18205      ; 42 0xb8e3 -0.5555
                                                            7
  142 00000056 A9 C3           DCW              -15447      ; 43 0xc3a9 -0.4714
                                                            1
  143 00000058 04 CF           DCW              -12540      ; 44 0xcf04 -0.3826
                                                            9
  144 0000005A D8 DA           DCW              -9512       ; 45 0xdad8 -0.2902
                                                            8
  145 0000005C 07 E7           DCW              -6393       ; 46 0xe707 -0.1951
                                                            0
  146 0000005E 74 F3           DCW              -3212       ; 47 0xf374 -0.0980
                                                            2
  147 00000060 00 00           DCW              0           ; 48 0x0000  0.0000
                                                            0
  148 00000062 8C 0C           DCW              3212        ; 49 0x0c8c  0.0980
                                                            2
  149 00000064 F9 18           DCW              6393        ; 50 0x18f9  0.1951
                                                            0
  150 00000066 28 25           DCW              9512        ; 51 0x2528  0.2902
                                                            8
  151 00000068 FC 30           DCW              12540       ; 52 0x30fc  0.3826
                                                            9
  152 0000006A 57 3C           DCW              15447       ; 53 0x3c57  0.4714
                                                            1
  153 0000006C 1D 47           DCW              18205       ; 54 0x471d  0.5555
                                                            7
  154 0000006E 34 51           DCW              20788       ; 55 0x5134  0.6344
                                                            0
  155 00000070 82 5A           DCW              23170       ; 56 0x5a82  0.7070
                                                            9
  156 00000072 F2 62           DCW              25330       ; 57 0x62f2  0.7730
                                                            1
  157 00000074 6E 6A           DCW              27246       ; 58 0x6a6e  0.8314
                                                            8
  158 00000076 E3 70           DCW              28899       ; 59 0x70e3  0.8819
                                                            3
  159 00000078 42 76           DCW              30274       ; 60 0x7642  0.9238
                                                            9
  160 0000007A 7D 7A           DCW              31357       ; 61 0x7a7d  0.9569
                                                            4
  161 0000007C 8A 7D           DCW              32138       ; 62 0x7d8a  0.9807
                                                            7
  162 0000007E 62 7F           DCW              32610       ; 63 0x7f62  0.9951
                                                            8
  163 00000080         TabSin



ARM Macro Assembler    Page 5 


  164 00000080 00 00           DCW              0           ;  0 0x0000  0.0000
                                                            0
  165 00000082 8C 0C           DCW              3212        ;  1 0x0c8c  0.0980
                                                            2
  166 00000084 F9 18           DCW              6393        ;  2 0x18f9  0.1951
                                                            0
  167 00000086 28 25           DCW              9512        ;  3 0x2528  0.2902
                                                            8
  168 00000088 FC 30           DCW              12540       ;  4 0x30fc  0.3826
                                                            9
  169 0000008A 57 3C           DCW              15447       ;  5 0x3c57  0.4714
                                                            1
  170 0000008C 1D 47           DCW              18205       ;  6 0x471d  0.5555
                                                            7
  171 0000008E 34 51           DCW              20788       ;  7 0x5134  0.6344
                                                            0
  172 00000090 82 5A           DCW              23170       ;  8 0x5a82  0.7070
                                                            9
  173 00000092 F2 62           DCW              25330       ;  9 0x62f2  0.7730
                                                            1
  174 00000094 6E 6A           DCW              27246       ; 10 0x6a6e  0.8314
                                                            8
  175 00000096 E3 70           DCW              28899       ; 11 0x70e3  0.8819
                                                            3
  176 00000098 42 76           DCW              30274       ; 12 0x7642  0.9238
                                                            9
  177 0000009A 7D 7A           DCW              31357       ; 13 0x7a7d  0.9569
                                                            4
  178 0000009C 8A 7D           DCW              32138       ; 14 0x7d8a  0.9807
                                                            7
  179 0000009E 62 7F           DCW              32610       ; 15 0x7f62  0.9951
                                                            8
  180 000000A0 FF 7F           DCW              32767       ; 16 0x7fff  0.9999
                                                            7
  181 000000A2 62 7F           DCW              32610       ; 17 0x7f62  0.9951
                                                            8
  182 000000A4 8A 7D           DCW              32138       ; 18 0x7d8a  0.9807
                                                            7
  183 000000A6 7D 7A           DCW              31357       ; 19 0x7a7d  0.9569
                                                            4
  184 000000A8 42 76           DCW              30274       ; 20 0x7642  0.9238
                                                            9
  185 000000AA E3 70           DCW              28899       ; 21 0x70e3  0.8819
                                                            3
  186 000000AC 6E 6A           DCW              27246       ; 22 0x6a6e  0.8314
                                                            8
  187 000000AE F2 62           DCW              25330       ; 23 0x62f2  0.7730
                                                            1
  188 000000B0 82 5A           DCW              23170       ; 24 0x5a82  0.7070
                                                            9
  189 000000B2 34 51           DCW              20788       ; 25 0x5134  0.6344
                                                            0
  190 000000B4 1D 47           DCW              18205       ; 26 0x471d  0.5555
                                                            7
  191 000000B6 57 3C           DCW              15447       ; 27 0x3c57  0.4714
                                                            1
  192 000000B8 FC 30           DCW              12540       ; 28 0x30fc  0.3826
                                                            9
  193 000000BA 28 25           DCW              9512        ; 29 0x2528  0.2902



ARM Macro Assembler    Page 6 


                                                            8
  194 000000BC F9 18           DCW              6393        ; 30 0x18f9  0.1951
                                                            0
  195 000000BE 8C 0C           DCW              3212        ; 31 0x0c8c  0.0980
                                                            2
  196 000000C0 00 00           DCW              0           ; 32 0x0000  0.0000
                                                            0
  197 000000C2 74 F3           DCW              -3212       ; 33 0xf374 -0.0980
                                                            2
  198 000000C4 07 E7           DCW              -6393       ; 34 0xe707 -0.1951
                                                            0
  199 000000C6 D8 DA           DCW              -9512       ; 35 0xdad8 -0.2902
                                                            8
  200 000000C8 04 CF           DCW              -12540      ; 36 0xcf04 -0.3826
                                                            9
  201 000000CA A9 C3           DCW              -15447      ; 37 0xc3a9 -0.4714
                                                            1
  202 000000CC E3 B8           DCW              -18205      ; 38 0xb8e3 -0.5555
                                                            7
  203 000000CE CC AE           DCW              -20788      ; 39 0xaecc -0.6344
                                                            0
  204 000000D0 7E A5           DCW              -23170      ; 40 0xa57e -0.7070
                                                            9
  205 000000D2 0E 9D           DCW              -25330      ; 41 0x9d0e -0.7730
                                                            1
  206 000000D4 92 95           DCW              -27246      ; 42 0x9592 -0.8314
                                                            8
  207 000000D6 1D 8F           DCW              -28899      ; 43 0x8f1d -0.8819
                                                            3
  208 000000D8 BE 89           DCW              -30274      ; 44 0x89be -0.9238
                                                            9
  209 000000DA 83 85           DCW              -31357      ; 45 0x8583 -0.9569
                                                            4
  210 000000DC 76 82           DCW              -32138      ; 46 0x8276 -0.9807
                                                            7
  211 000000DE 9E 80           DCW              -32610      ; 47 0x809e -0.9951
                                                            8
  212 000000E0 00 80           DCW              -32768      ; 48 0x8000 -1.0000
                                                            0
  213 000000E2 9E 80           DCW              -32610      ; 49 0x809e -0.9951
                                                            8
  214 000000E4 76 82           DCW              -32138      ; 50 0x8276 -0.9807
                                                            7
  215 000000E6 83 85           DCW              -31357      ; 51 0x8583 -0.9569
                                                            4
  216 000000E8 BE 89           DCW              -30274      ; 52 0x89be -0.9238
                                                            9
  217 000000EA 1D 8F           DCW              -28899      ; 53 0x8f1d -0.8819
                                                            3
  218 000000EC 92 95           DCW              -27246      ; 54 0x9592 -0.8314
                                                            8
  219 000000EE 0E 9D           DCW              -25330      ; 55 0x9d0e -0.7730
                                                            1
  220 000000F0 7E A5           DCW              -23170      ; 56 0xa57e -0.7070
                                                            9
  221 000000F2 CC AE           DCW              -20788      ; 57 0xaecc -0.6344
                                                            0
  222 000000F4 E3 B8           DCW              -18205      ; 58 0xb8e3 -0.5555
                                                            7



ARM Macro Assembler    Page 7 


  223 000000F6 A9 C3           DCW              -15447      ; 59 0xc3a9 -0.4714
                                                            1
  224 000000F8 04 CF           DCW              -12540      ; 60 0xcf04 -0.3826
                                                            9
  225 000000FA D8 DA           DCW              -9512       ; 61 0xdad8 -0.2902
                                                            8
  226 000000FC 07 E7           DCW              -6393       ; 62 0xe707 -0.1951
                                                            0
  227 000000FE 74 F3           DCW              -3212       ; 63 0xf374 -0.0980
                                                            2
  228 00000100         
  229 00000100         
  230 00000100         
  231 00000100         
  232 00000100                 END
Command Line: --debug --xref --diag_suppress=9931 --cpu=Cortex-M3 --apcs=interw
ork --depend=.\obj\dft.d -o.\obj\dft.o -I.\RTE\_Simu -IC:\Programdata\Keil\Arm\
Packs\ARM\CMSIS\5.7.0\CMSIS\Core\Include -IC:\Programdata\Keil\Arm\Packs\Keil\S
TM32F1xx_DFP\2.3.0\Device\Include --predefine="__EVAL SETA 1" --predefine="__MI
CROLIB SETA 1" --predefine="__UVISION_VERSION SETA 534" --predefine="_RTE_ SETA
 1" --predefine="STM32F10X_MD SETA 1" --predefine="_RTE_ SETA 1" --list=dft.lst
 Src\DFT.s



ARM Macro Assembler    Page 1 Alphabetic symbol ordering
Relocatable symbols

mesdata 00000000

Symbol: mesdata
   Definitions
      At line 8 in file Src\DFT.s
   Uses
      None
Comment: mesdata unused
1 symbol



ARM Macro Assembler    Page 1 Alphabetic symbol ordering
Relocatable symbols

maram 00000000

Symbol: maram
   Definitions
      At line 12 in file Src\DFT.s
   Uses
      None
Comment: maram unused
1 symbol



ARM Macro Assembler    Page 1 Alphabetic symbol ordering
Relocatable symbols

CalculPartie 00000028

Symbol: CalculPartie
   Definitions
      At line 58 in file Src\DFT.s
   Uses
      At line 38 in file Src\DFT.s
      At line 43 in file Src\DFT.s

DFT_ModuleAuCarre 00000000

Symbol: DFT_ModuleAuCarre
   Definitions
      At line 27 in file Src\DFT.s
   Uses
      At line 4 in file Src\DFT.s
Comment: DFT_ModuleAuCarre used once
debut 00000038

Symbol: debut
   Definitions
      At line 74 in file Src\DFT.s
   Uses
      At line 84 in file Src\DFT.s
Comment: debut used once
fin 00000056

Symbol: fin
   Definitions
      At line 86 in file Src\DFT.s
   Uses
      At line 76 in file Src\DFT.s
Comment: fin used once
moncode 00000000

Symbol: moncode
   Definitions
      At line 22 in file Src\DFT.s
   Uses
      None
Comment: moncode unused
5 symbols



ARM Macro Assembler    Page 1 Alphabetic symbol ordering
Relocatable symbols

TabCos 00000000

Symbol: TabCos
   Definitions
      At line 98 in file Src\DFT.s
   Uses
      At line 37 in file Src\DFT.s
Comment: TabCos used once
TabSin 00000080

Symbol: TabSin
   Definitions
      At line 163 in file Src\DFT.s
   Uses
      At line 41 in file Src\DFT.s
Comment: TabSin used once
Trigo 00000000

Symbol: Trigo
   Definitions
      At line 95 in file Src\DFT.s
   Uses
      None
Comment: Trigo unused
3 symbols
347 symbols in table
